[INFO] Scanning for projects...
[INFO]                                                                         
[INFO] ------------------------------------------------------------------------
[INFO] Building Spark Project Streaming 2.0.0-SNAPSHOT
[INFO] ------------------------------------------------------------------------
[INFO] 
[INFO] --- maven-enforcer-plugin:1.4.1:enforce (enforce-versions) @ spark-streaming_2.11 ---
[INFO] 
[INFO] --- scala-maven-plugin:3.2.2:add-source (eclipse-add-source) @ spark-streaming_2.11 ---
[INFO] Add Source directory: /mnt/hgfs/ws_on_windows/proflin/spark/streaming/src/main/scala
[INFO] Add Test Source directory: /mnt/hgfs/ws_on_windows/proflin/spark/streaming/src/test/scala
[INFO] 
[INFO] --- maven-dependency-plugin:2.10:build-classpath (default-cli) @ spark-streaming_2.11 ---
[INFO] Dependencies classpath:
/root/.m2/repository/org/objenesis/objenesis/2.1/objenesis-2.1.jar:/root/.m2/repository/com/google/protobuf/protobuf-java/2.5.0/protobuf-java-2.5.0.jar:/root/.m2/repository/com/sun/jersey/jersey-json/1.9/jersey-json-1.9.jar:/root/.m2/repository/oro/oro/2.0.8/oro-2.0.8.jar:/root/.m2/repository/com/fasterxml/jackson/core/jackson-databind/2.5.3/jackson-databind-2.5.3.jar:/root/.m2/repository/org/apache/hadoop/hadoop-yarn-api/2.2.0/hadoop-yarn-api-2.2.0.jar:/root/.m2/repository/org/apache/hadoop/hadoop-mapreduce-client-shuffle/2.2.0/hadoop-mapreduce-client-shuffle-2.2.0.jar:/root/.m2/repository/org/apache/hadoop/hadoop-yarn-client/2.2.0/hadoop-yarn-client-2.2.0.jar:/root/.m2/repository/org/slf4j/slf4j-log4j12/1.7.16/slf4j-log4j12-1.7.16.jar:/root/.m2/repository/jline/jline/0.9.94/jline-0.9.94.jar:/root/.m2/repository/commons-beanutils/commons-beanutils/1.7.0/commons-beanutils-1.7.0.jar:/root/.m2/repository/io/dropwizard/metrics/metrics-jvm/3.1.2/metrics-jvm-3.1.2.jar:/root/.m2/repository/org/scala-lang/scala-reflect/2.11.7/scala-reflect-2.11.7.jar:/root/.m2/repository/io/dropwizard/metrics/metrics-graphite/3.1.2/metrics-graphite-3.1.2.jar:/root/.m2/repository/org/apache/hadoop/hadoop-mapreduce-client-app/2.2.0/hadoop-mapreduce-client-app-2.2.0.jar:/root/.m2/repository/commons-httpclient/commons-httpclient/3.1/commons-httpclient-3.1.jar:/root/.m2/repository/org/apache/avro/avro-ipc/1.7.7/avro-ipc-1.7.7-tests.jar:/root/.m2/repository/org/apache/curator/curator-client/2.4.0/curator-client-2.4.0.jar:/root/.m2/repository/javax/servlet/javax.servlet-api/3.0.1/javax.servlet-api-3.0.1.jar:/root/.m2/repository/org/json4s/json4s-core_2.11/3.2.10/json4s-core_2.11-3.2.10.jar:/root/.m2/repository/org/glassfish/grizzly/grizzly-http-server/2.1.2/grizzly-http-server-2.1.2.jar:/root/.m2/repository/org/apache/curator/curator-framework/2.4.0/curator-framework-2.4.0.jar:/root/.m2/repository/org/scala-lang/scala-library/2.11.7/scala-library-2.11.7.jar:/root/.m2/repository/commons-cli/commons-cli/1.2/commons-cli-1.2.jar:/root/.m2/repository/org/slf4j/jcl-over-slf4j/1.7.16/jcl-over-slf4j-1.7.16.jar:/root/.m2/repository/com/ning/compress-lzf/1.0.3/compress-lzf-1.0.3.jar:/root/.m2/repository/org/apache/avro/avro/1.7.7/avro-1.7.7.jar:/root/.m2/repository/org/glassfish/grizzly/grizzly-http/2.1.2/grizzly-http-2.1.2.jar:/root/.m2/repository/org/glassfish/grizzly/grizzly-rcm/2.1.2/grizzly-rcm-2.1.2.jar:/root/.m2/repository/org/scala-lang/modules/scala-parser-combinators_2.11/1.0.4/scala-parser-combinators_2.11-1.0.4.jar:/root/.m2/repository/org/apache/spark/spark-network-shuffle_2.11/2.0.0-SNAPSHOT/spark-network-shuffle_2.11-2.0.0-SNAPSHOT.jar:/root/.m2/repository/org/codehaus/jettison/jettison/1.1/jettison-1.1.jar:/root/.m2/repository/org/apache/commons/commons-compress/1.4.1/commons-compress-1.4.1.jar:/root/.m2/repository/com/esotericsoftware/minlog/minlog/1.2/minlog-1.2.jar:/root/.m2/repository/org/apache/avro/avro-mapred/1.7.7/avro-mapred-1.7.7-hadoop2.jar:/root/.m2/repository/org/apache/hadoop/hadoop-mapreduce-client-core/2.2.0/hadoop-mapreduce-client-core-2.2.0.jar:/root/.m2/repository/org/apache/commons/commons-math3/3.4.1/commons-math3-3.4.1.jar:/root/.m2/repository/org/codehaus/jackson/jackson-xc/1.9.13/jackson-xc-1.9.13.jar:/root/.m2/repository/org/glassfish/grizzly/grizzly-framework/2.1.2/grizzly-framework-2.1.2.jar:/root/.m2/repository/commons-net/commons-net/2.2/commons-net-2.2.jar:/root/.m2/repository/com/thoughtworks/paranamer/paranamer/2.6/paranamer-2.6.jar:/root/.m2/repository/org/apache/spark/spark-core_2.11/2.0.0-SNAPSHOT/spark-core_2.11-2.0.0-SNAPSHOT.jar:/root/.m2/repository/org/apache/ivy/ivy/2.4.0/ivy-2.4.0.jar:/root/.m2/repository/org/scala-lang/modules/scala-xml_2.11/1.0.2/scala-xml_2.11-1.0.2.jar:/root/.m2/repository/org/codehaus/jackson/jackson-core-asl/1.9.13/jackson-core-asl-1.9.13.jar:/root/.m2/repository/commons-io/commons-io/2.4/commons-io-2.4.jar:/root/.m2/repository/com/sun/jersey/jersey-grizzly2/1.9/jersey-grizzly2-1.9.jar:/root/.m2/repository/org/apache/spark/spark-unsafe_2.11/2.0.0-SNAPSHOT/spark-unsafe_2.11-2.0.0-SNAPSHOT.jar:/root/.m2/repository/com/sun/jersey/jersey-test-framework/jersey-test-framework-grizzly2/1.9/jersey-test-framework-grizzly2-1.9.jar:/root/.m2/repository/com/sun/xml/bind/jaxb-impl/2.2.3-1/jaxb-impl-2.2.3-1.jar:/root/.m2/repository/com/clearspring/analytics/stream/2.7.0/stream-2.7.0.jar:/root/.m2/repository/org/glassfish/grizzly/grizzly-http-servlet/2.1.2/grizzly-http-servlet-2.1.2.jar:/root/.m2/repository/asm/asm/3.1/asm-3.1.jar:/root/.m2/repository/org/scala-lang/scalap/2.11.7/scalap-2.11.7.jar:/root/.m2/repository/org/eclipse/jetty/orbit/javax.servlet/3.0.0.v201112011016/javax.servlet-3.0.0.v201112011016.jar:/root/.m2/repository/net/razorvine/pyrolite/4.9/pyrolite-4.9.jar:/root/.m2/repository/com/fasterxml/jackson/core/jackson-annotations/2.5.3/jackson-annotations-2.5.3.jar:/root/.m2/repository/org/apache/spark/spark-network-common_2.11/2.0.0-SNAPSHOT/spark-network-common_2.11-2.0.0-SNAPSHOT.jar:/root/.m2/repository/org/apache/hadoop/hadoop-mapreduce-client-common/2.2.0/hadoop-mapreduce-client-common-2.2.0.jar:/root/.m2/repository/com/google/inject/guice/3.0/guice-3.0.jar:/root/.m2/repository/org/apache/curator/curator-recipes/2.4.0/curator-recipes-2.4.0.jar:/root/.m2/repository/org/apache/hadoop/hadoop-yarn-server-common/2.2.0/hadoop-yarn-server-common-2.2.0.jar:/root/.m2/repository/org/roaringbitmap/RoaringBitmap/0.5.11/RoaringBitmap-0.5.11.jar:/root/.m2/repository/org/codehaus/jackson/jackson-jaxrs/1.9.13/jackson-jaxrs-1.9.13.jar:/root/.m2/repository/org/glassfish/gmbal/gmbal-api-only/3.0.0-b023/gmbal-api-only-3.0.0-b023.jar:/root/.m2/repository/org/apache/hadoop/hadoop-annotations/2.2.0/hadoop-annotations-2.2.0.jar:/root/.m2/repository/org/tukaani/xz/1.0/xz-1.0.jar:/root/.m2/repository/org/apache/avro/avro-ipc/1.7.7/avro-ipc-1.7.7.jar:/root/.m2/repository/org/xerial/snappy/snappy-java/1.1.2/snappy-java-1.1.2.jar:/root/.m2/repository/com/esotericsoftware/kryo/kryo/2.21/kryo-2.21.jar:/root/.m2/repository/commons-lang/commons-lang/2.6/commons-lang-2.6.jar:/root/.m2/repository/org/slf4j/slf4j-api/1.7.16/slf4j-api-1.7.16.jar:/root/.m2/repository/io/dropwizard/metrics/metrics-core/3.1.2/metrics-core-3.1.2.jar:/root/.m2/repository/com/esotericsoftware/reflectasm/reflectasm/1.07/reflectasm-1.07-shaded.jar:/root/.m2/repository/com/fasterxml/jackson/module/jackson-module-scala_2.11/2.5.3/jackson-module-scala_2.11-2.5.3.jar:/root/.m2/repository/com/sun/jersey/jersey-core/1.9/jersey-core-1.9.jar:/root/.m2/repository/org/codehaus/jackson/jackson-mapper-asl/1.9.13/jackson-mapper-asl-1.9.13.jar:/root/.m2/repository/org/apache/zookeeper/zookeeper/3.4.5/zookeeper-3.4.5.jar:/root/.m2/repository/org/fusesource/leveldbjni/leveldbjni-all/1.8/leveldbjni-all-1.8.jar:/root/.m2/repository/net/sf/py4j/py4j/0.9.1/py4j-0.9.1.jar:/root/.m2/repository/org/mortbay/jetty/jetty-util/6.1.26/jetty-util-6.1.26.jar:/root/.m2/repository/log4j/log4j/1.2.17/log4j-1.2.17.jar:/root/.m2/repository/org/apache/hadoop/hadoop-hdfs/2.2.0/hadoop-hdfs-2.2.0.jar:/root/.m2/repository/commons-digester/commons-digester/1.8/commons-digester-1.8.jar:/root/.m2/repository/javax/activation/activation/1.1/activation-1.1.jar:/root/.m2/repository/org/scala-lang/scala-compiler/2.11.7/scala-compiler-2.11.7.jar:/root/.m2/repository/io/dropwizard/metrics/metrics-json/3.1.2/metrics-json-3.1.2.jar:/root/.m2/repository/xmlenc/xmlenc/0.52/xmlenc-0.52.jar:/root/.m2/repository/io/netty/netty/3.8.0.Final/netty-3.8.0.Final.jar:/root/.m2/repository/net/java/dev/jets3t/jets3t/0.7.1/jets3t-0.7.1.jar:/root/.m2/repository/commons-beanutils/commons-beanutils-core/1.8.0/commons-beanutils-core-1.8.0.jar:/root/.m2/repository/org/apache/spark/spark-launcher_2.11/2.0.0-SNAPSHOT/spark-launcher_2.11-2.0.0-SNAPSHOT.jar:/root/.m2/repository/aopalliance/aopalliance/1.0/aopalliance-1.0.jar:/root/.m2/repository/org/apache/hadoop/hadoop-mapreduce-client-jobclient/2.2.0/hadoop-mapreduce-client-jobclient-2.2.0.jar:/root/.m2/repository/org/spark-project/spark/unused/1.0.0/unused-1.0.0.jar:/root/.m2/repository/com/twitter/chill-java/0.5.0/chill-java-0.5.0.jar:/root/.m2/repository/com/google/code/findbugs/jsr305/1.3.9/jsr305-1.3.9.jar:/root/.m2/repository/javax/xml/bind/jaxb-api/2.2.2/jaxb-api-2.2.2.jar:/root/.m2/repository/org/apache/commons/commons-lang3/3.3.2/commons-lang3-3.3.2.jar:/root/.m2/repository/org/apache/hadoop/hadoop-auth/2.2.0/hadoop-auth-2.2.0.jar:/root/.m2/repository/org/apache/xbean/xbean-asm5-shaded/4.4/xbean-asm5-shaded-4.4.jar:/root/.m2/repository/org/apache/mesos/mesos/0.21.1/mesos-0.21.1-shaded-protobuf.jar:/root/.m2/repository/com/sun/jersey/jersey-client/1.9/jersey-client-1.9.jar:/root/.m2/repository/com/fasterxml/jackson/core/jackson-core/2.5.3/jackson-core-2.5.3.jar:/root/.m2/repository/commons-codec/commons-codec/1.10/commons-codec-1.10.jar:/root/.m2/repository/com/sun/jersey/jersey-test-framework/jersey-test-framework-core/1.9/jersey-test-framework-core-1.9.jar:/root/.m2/repository/net/jpountz/lz4/lz4/1.3.0/lz4-1.3.0.jar:/root/.m2/repository/org/json4s/json4s-jackson_2.11/3.2.10/json4s-jackson_2.11-3.2.10.jar:/root/.m2/repository/commons-configuration/commons-configuration/1.6/commons-configuration-1.6.jar:/root/.m2/repository/org/glassfish/external/management-api/3.0.0-b012/management-api-3.0.0-b012.jar:/root/.m2/repository/javax/inject/javax.inject/1/javax.inject-1.jar:/root/.m2/repository/org/slf4j/jul-to-slf4j/1.7.16/jul-to-slf4j-1.7.16.jar:/root/.m2/repository/com/twitter/chill_2.11/0.5.0/chill_2.11-0.5.0.jar:/root/.m2/repository/org/json4s/json4s-ast_2.11/3.2.10/json4s-ast_2.11-3.2.10.jar:/root/.m2/repository/com/sun/jersey/contribs/jersey-guice/1.9/jersey-guice-1.9.jar:/root/.m2/repository/org/apache/hadoop/hadoop-client/2.2.0/hadoop-client-2.2.0.jar:/root/.m2/repository/org/apache/commons/commons-math/2.1/commons-math-2.1.jar:/root/.m2/repository/org/apache/hadoop/hadoop-yarn-common/2.2.0/hadoop-yarn-common-2.2.0.jar:/root/.m2/repository/org/glassfish/javax.servlet/3.1/javax.servlet-3.1.jar:/root/.m2/repository/org/apache/hadoop/hadoop-common/2.2.0/hadoop-common-2.2.0.jar:/root/.m2/repository/com/sun/jersey/jersey-server/1.9/jersey-server-1.9.jar:/root/.m2/repository/commons-collections/commons-collections/3.2.2/commons-collections-3.2.2.jar:/root/.m2/repository/io/netty/netty-all/4.0.29.Final/netty-all-4.0.29.Final.jar
[INFO] 
[INFO] --- maven-remote-resources-plugin:1.5:process (default) @ spark-streaming_2.11 ---
[INFO] 
[INFO] --- maven-resources-plugin:2.6:resources (default-resources) @ spark-streaming_2.11 ---
[INFO] Using 'UTF-8' encoding to copy filtered resources.
[INFO] Copying 2 resources
[INFO] Copying 3 resources
[INFO] 
[INFO] --- scala-maven-plugin:3.2.2:compile (scala-compile-first) @ spark-streaming_2.11 ---
[WARNING] Zinc server is not available at port 3030 - reverting to normal incremental compile
[INFO] Using incremental compilation
[INFO] Compiling 1 Scala source and 3 Java sources to /mnt/hgfs/ws_on_windows/proflin/spark/streaming/target/scala-2.11/classes...
[INFO] Compiling 6 Scala sources to /mnt/hgfs/ws_on_windows/proflin/spark/streaming/target/scala-2.11/classes...
[INFO] 
[INFO] --- maven-compiler-plugin:3.5.1:compile (default-compile) @ spark-streaming_2.11 ---
[INFO] Changes detected - recompiling the module!
[INFO] Compiling 5 source files to /mnt/hgfs/ws_on_windows/proflin/spark/streaming/target/scala-2.11/classes
[INFO] 
[INFO] --- maven-antrun-plugin:1.8:run (create-tmp-dir) @ spark-streaming_2.11 ---
[INFO] Executing tasks

main:
[INFO] Executed tasks
[INFO] 
[INFO] --- maven-resources-plugin:2.6:testResources (default-testResources) @ spark-streaming_2.11 ---
[INFO] Using 'UTF-8' encoding to copy filtered resources.
[INFO] Copying 1 resource
[INFO] Copying 3 resources
[INFO] 
[INFO] --- scala-maven-plugin:3.2.2:testCompile (scala-test-compile-first) @ spark-streaming_2.11 ---
[WARNING] Zinc server is not available at port 3030 - reverting to normal incremental compile
[INFO] Using incremental compilation
[INFO] Compiling 2 Scala sources to /mnt/hgfs/ws_on_windows/proflin/spark/streaming/target/scala-2.11/test-classes...
[WARNING] /mnt/hgfs/ws_on_windows/proflin/spark/streaming/src/test/scala/org/apache/spark/streaming/scheduler/ReceiverTrackerSuite.scala:108: no valid targets for annotation on value _ssc - it is discarded unused. You may specify targets with meta-annotations, e.g. @(transient @param)
[WARNING] private[streaming] class RateTestInputDStream(@transient _ssc: StreamingContext)
[WARNING]                                                ^
[WARNING] one warning found
[INFO] 
[INFO] --- maven-compiler-plugin:3.5.1:testCompile (default-testCompile) @ spark-streaming_2.11 ---
[INFO] Nothing to compile - all classes are up to date
[INFO] 
[INFO] --- maven-dependency-plugin:2.10:build-classpath (default) @ spark-streaming_2.11 ---
[INFO] 
[INFO] --- maven-surefire-plugin:2.19.1:test (default-test) @ spark-streaming_2.11 ---

-------------------------------------------------------
 T E S T S
-------------------------------------------------------
Running org.apache.spark.streaming.JavaAPISuite
Tests run: 53, Failures: 0, Errors: 1, Skipped: 0, Time elapsed: 194.762 sec <<< FAILURE! - in org.apache.spark.streaming.JavaAPISuite
testCheckpointMasterRecovery(org.apache.spark.streaming.JavaAPISuite)  Time elapsed: 3.643 sec  <<< ERROR!
java.io.IOException: Failed to delete: /mnt/hgfs/ws_on_windows/proflin/spark/streaming/target/tmp/1456735593129-0
	at org.apache.spark.streaming.JavaAPISuite.testCheckpointMasterRecovery(JavaAPISuite.java:1767)

Running org.apache.spark.streaming.JavaDurationSuite
Tests run: 11, Failures: 0, Errors: 0, Skipped: 0, Time elapsed: 0.001 sec - in org.apache.spark.streaming.JavaDurationSuite
Running org.apache.spark.streaming.JavaMapWithStateSuite
Tests run: 1, Failures: 0, Errors: 0, Skipped: 0, Time elapsed: 11.199 sec - in org.apache.spark.streaming.JavaMapWithStateSuite
Running org.apache.spark.streaming.JavaReceiverAPISuite
Tests run: 1, Failures: 0, Errors: 0, Skipped: 0, Time elapsed: 367.703 sec - in org.apache.spark.streaming.JavaReceiverAPISuite
Running org.apache.spark.streaming.JavaTimeSuite
Tests run: 7, Failures: 0, Errors: 0, Skipped: 0, Time elapsed: 0 sec - in org.apache.spark.streaming.JavaTimeSuite
Running org.apache.spark.streaming.JavaWriteAheadLogSuite
Tests run: 1, Failures: 0, Errors: 0, Skipped: 0, Time elapsed: 0.044 sec - in org.apache.spark.streaming.JavaWriteAheadLogSuite

Results :

Tests in error: 
  JavaAPISuite.testCheckpointMasterRecovery:1767 Â» IO Failed to delete: /mnt/hgf...

Tests run: 74, Failures: 0, Errors: 1, Skipped: 0

[INFO] ------------------------------------------------------------------------
[INFO] BUILD FAILURE
[INFO] ------------------------------------------------------------------------
[INFO] Total time: 10:49 min
[INFO] Finished at: 2016-02-29T16:54:41+08:00
[INFO] Final Memory: 58M/312M
[INFO] ------------------------------------------------------------------------
[ERROR] Failed to execute goal org.apache.maven.plugins:maven-surefire-plugin:2.19.1:test (default-test) on project spark-streaming_2.11: There are test failures.
[ERROR] 
[ERROR] Please refer to /mnt/hgfs/ws_on_windows/proflin/spark/streaming/target/surefire-reports for the individual test results.
[ERROR] -> [Help 1]
[ERROR] 
[ERROR] To see the full stack trace of the errors, re-run Maven with the -e switch.
[ERROR] Re-run Maven using the -X switch to enable full debug logging.
[ERROR] 
[ERROR] For more information about the errors and possible solutions, please read the following articles:
[ERROR] [Help 1] http://cwiki.apache.org/confluence/display/MAVEN/MojoFailureException
